<?xml version="1.0" encoding="utf-8"?><testsuites name="pytest tests"><testsuite name="pytest" errors="0" failures="0" skipped="0" tests="30" time="4.082" timestamp="2026-07-05T13:16:21.240508+00:00" hostname="agent-env-ccf867d2-f534-4f8c-9468-885d5a5828bd"><testcase classname="tests.test_ubos_phase3b_patch.TestMimeIconEndpoint" name="test_public_no_auth[pdf]" time="0.130" /><testcase classname="tests.test_ubos_phase3b_patch.TestMimeIconEndpoint" name="test_public_no_auth[doc]" time="0.224" /><testcase classname="tests.test_ubos_phase3b_patch.TestMimeIconEndpoint" name="test_public_no_auth[xls]" time="0.097" /><testcase classname="tests.test_ubos_phase3b_patch.TestMimeIconEndpoint" name="test_public_no_auth[ppt]" time="0.229" /><testcase classname="tests.test_ubos_phase3b_patch.TestMimeIconEndpoint" name="test_public_no_auth[txt]" time="0.104" /><testcase classname="tests.test_ubos_phase3b_patch.TestThumbEnvelope" name="test_image_thumb_envelope" time="1.133" /><testcase classname="tests.test_ubos_phase3b_patch.TestMimeIconEndpoint" name="test_public_no_auth[video]" time="0.094" /><testcase classname="tests.test_ubos_phase3b_patch.TestMimeIconEndpoint" name="test_public_no_auth[audio]" time="0.095" /><testcase classname="tests.test_ubos_phase3b_patch.TestMimeIconEndpoint" name="test_public_no_auth[image]" time="0.095" /><testcase classname="tests.test_ubos_phase3b_patch.TestMimeIconEndpoint" name="test_public_no_auth[generic]" time="0.095" /><testcase classname="tests.test_ubos_phase3b_patch.TestThumbEnvelope" name="test_non_image_thumb_returns_family_icon[f.pdf-application/pdf-pdf]" time="0.209" /><testcase classname="tests.test_ubos_phase3b_patch.TestMimeIconEndpoint" name="test_unknown_family_fallback" time="0.096" /><testcase classname="tests.test_ubos_phase3b_mime_icon_cache.TestMimeIconAtOrigin" name="test_pdf_headers_and_body" time="0.002" /><testcase classname="tests.test_ubos_phase3b_mime_icon_cache.TestMimeIconAtOrigin" name="test_if_none_match_returns_304" time="0.003" /><testcase classname="tests.test_ubos_phase3b_mime_icon_cache.TestMimeIconAtOrigin" name="test_mismatched_if_none_match_returns_200" time="0.002" /><testcase classname="tests.test_ubos_phase3b_mime_icon_cache.TestMimeIconAtOrigin" name="test_all_families_distinct_etags_same_cache_control" time="0.012" /><testcase classname="tests.test_ubos_phase3b_mime_icon_cache.TestMimeIconAtOrigin" name="test_unknown_family_ok" time="0.002" /><testcase classname="tests.test_ubos_phase3b_mime_icon_cache.TestMimeIconThroughIngress" name="test_etag_and_last_modified_pass_through" time="0.096" /><testcase classname="tests.test_ubos_phase3b_patch.TestThumbEnvelope" name="test_non_image_thumb_returns_family_icon[f.doc-application/msword-doc]" time="0.191" /><testcase classname="tests.test_ubos_phase3b_mime_icon_cache.TestMimeIconThroughIngress" name="test_if_none_match_304_through_ingress" time="0.196" /><testcase classname="tests.test_ubos_phase3b_patch.TestThumbEnvelope" name="test_non_image_thumb_returns_family_icon[f.docx-application/vnd.openxmlformats-officedocument.wordprocessingml.document-doc]" time="0.366" /><testcase classname="tests.test_ubos_phase3b_patch.TestThumbEnvelope" name="test_non_image_thumb_returns_family_icon[f.xls-application/vnd.ms-excel-xls]" time="0.430" /><testcase classname="tests.test_ubos_phase3b_patch.TestAuditFilters" name="test_audit_filters_action_target_type_target_id" time="1.850" /><testcase classname="tests.test_ubos_phase3b_patch.TestThumbEnvelope" name="test_non_image_thumb_returns_family_icon[f.xlsx-application/vnd.openxmlformats-officedocument.spreadsheetml.sheet-xls]" time="0.242" /><testcase classname="tests.test_ubos_phase3b_patch.TestThumbEnvelope" name="test_non_image_thumb_returns_family_icon[f.ppt-application/vnd.ms-powerpoint-ppt]" time="0.199" /><testcase classname="tests.test_ubos_phase3b_patch.TestThumbEnvelope" name="test_non_image_thumb_returns_family_icon[f.txt-text/plain-txt]" time="0.207" /><testcase classname="tests.test_ubos_phase3b_patch.TestThumbEnvelope" name="test_non_image_thumb_returns_family_icon[f.mp4-video/mp4-video]" time="0.209" /><testcase classname="tests.test_ubos_phase3b_patch.TestThumbEnvelope" name="test_non_image_thumb_returns_family_icon[f.bin-application/octet-stream-generic]" time="0.190" /><testcase classname="tests.test_ubos_phase3b_patch.TestThumbEnvelope" name="test_thumb_never_returns_raw_svg" time="0.194" /><testcase classname="tests.test_ubos_phase3b_patch.TestFreshOrgQuota" name="test_new_org_has_default_storage_quota" time="0.280" /></testsuite></testsuites>