<?xml version="1.0" encoding="utf-8"?><testsuites name="pytest tests"><testsuite name="pytest" errors="0" failures="0" skipped="0" tests="11" time="2.426" timestamp="2026-07-06T07:30:22.020939+00:00" hostname="agent-env-ccf867d2-f534-4f8c-9468-885d5a5828bd"><testcase classname="tests.test_ubos_phase7a_terminology.TestPhase7ARegression" name="test_entity_types_list" time="0.730" /><testcase classname="tests.test_ubos_phase7a_terminology.TestPhase7ARegression" name="test_records_flow_create_read_update_delete" time="0.443" /><testcase classname="tests.test_ubos_phase7a_terminology.TestTerminologyPatch" name="test_get_org_returns_settings" time="0.826" /><testcase classname="tests.test_ubos_phase7a_terminology.TestTerminologyPatch" name="test_owner_can_set_terminology" time="0.102" /><testcase classname="tests.test_ubos_phase7a_terminology.TestTerminologyPatch" name="test_settings_deep_merge_preserves_other_keys" time="0.102" /><testcase classname="tests.test_ubos_phase7a_terminology.TestTerminologyPatch" name="test_reset_terminology_with_empty_dict" time="0.051" /><testcase classname="tests.test_ubos_phase7a_terminology.TestPhase7ARegression" name="test_views_endpoint" time="0.316" /><testcase classname="tests.test_ubos_phase7a_terminology.TestTerminologyPatch" name="test_viewer_cannot_patch_terminology" time="0.488" /><testcase classname="tests.test_ubos_phase7a_terminology.TestPhase7ARegression" name="test_audit_logs_endpoint" time="0.130" /><testcase classname="tests.test_ubos_phase7a_terminology.TestTerminologyPatch" name="test_editor_cannot_patch_terminology" time="0.425" /><testcase classname="tests.test_ubos_phase7a_terminology.TestTerminologyPatch" name="test_viewer_can_read_org" time="0.101" /></testsuite></testsuites>