<?xml version="1.0" encoding="utf-8"?><testsuites name="pytest tests"><testsuite name="pytest" errors="0" failures="0" skipped="0" tests="16" time="31.037" timestamp="2026-07-05T11:22:31.966187+00:00" hostname="agent-env-ccf867d2-f534-4f8c-9468-885d5a5828bd"><testcase classname="tests.test_ubos_phase3a.TestRecordUpdateAndActivity" name="test_update_diff_and_version" time="16.276" /><testcase classname="tests.test_ubos_phase3a.TestRecordUpdateAndActivity" name="test_comment_and_empty_rejected" time="0.290" /><testcase classname="tests.test_ubos_phase3a.TestRecordUpdateAndActivity" name="test_restore_version" time="0.507" /><testcase classname="tests.test_ubos_phase3a.TestRecordUpdateAndActivity" name="test_delete_emits_activity" time="0.279" /><testcase classname="tests.test_ubos_phase3a.TestRecordCreate" name="test_qr_payload_v1_created_activity" time="0.295" /><testcase classname="tests.test_ubos_phase3a.TestViews" name="test_full_lifecycle" time="1.283" /><testcase classname="tests.test_ubos_phase3a.TestBulk" name="test_bulk_flows" time="0.858" /><testcase classname="tests.test_ubos_phase3a.TestQueryBuilder" name="test_search_defaults" time="23.630" /><testcase classname="tests.test_ubos_phase3a.TestQueryBuilder" name="test_limit_capped" time="0.090" /><testcase classname="tests.test_ubos_phase3a.TestQueryBuilder" name="test_filter_price_gt" time="0.191" /><testcase classname="tests.test_ubos_phase3a.TestQueryBuilder" name="test_contains_on_boolean_422" time="0.094" /><testcase classname="tests.test_ubos_phase3a.TestQueryBuilder" name="test_between_requires_pair" time="0.101" /><testcase classname="tests.test_ubos_phase3a.TestQueryBuilder" name="test_in_requires_list" time="6.265" /><testcase classname="tests.test_ubos_phase3a.TestQueryBuilder" name="test_system_field_filter_and_sort" time="0.117" /><testcase classname="tests.test_ubos_phase3a.TestQueryBuilder" name="test_dynamic_sort_desc" time="0.101" /><testcase classname="tests.test_ubos_phase3a.TestQueryBuilder" name="test_perf_search" time="0.101" /></testsuite></testsuites>