<?xml version="1.0" encoding="utf-8"?><testsuites name="pytest tests"><testsuite name="pytest" errors="0" failures="0" skipped="0" tests="28" time="60.092" timestamp="2026-07-05T13:57:39.811177+00:00" hostname="agent-env-ccf867d2-f534-4f8c-9468-885d5a5828bd"><testcase classname="tests.test_ubos_phase4a.TestSensitiveField" name="test_field_list_shows_sensitive_flag" time="1.021" /><testcase classname="tests.test_ubos_phase4a.TestSensitiveField" name="test_authed_record_still_shows_sensitive" time="0.193" /><testcase classname="tests.test_ubos_phase4a.TestSensitiveField" name="test_patch_field_sensitive" time="0.182" /><testcase classname="tests.test_ubos_phase4a.TestShareCRUD" name="test_create_list_share" time="0.218" /><testcase classname="tests.test_ubos_phase4a.TestShareCRUD" name="test_two_shares_same_record" time="0.207" /><testcase classname="tests.test_ubos_phase4a.TestShareCRUD" name="test_revoke_and_delete" time="0.431" /><testcase classname="tests.test_ubos_phase4a.TestShareCRUD" name="test_editor_cannot_revoke_owner_share" time="0.542" /><testcase classname="tests.test_ubos_phase4a.TestPublicPayload" name="test_public_read_no_auth_ok" time="0.210" /><testcase classname="tests.test_ubos_phase4a.TestPublicPayload" name="test_try_auth_with_bad_token_still_ok" time="0.202" /><testcase classname="tests.test_ubos_phase4a.TestPublicPayload" name="test_visible_fields_none_returns_all_non_sensitive" time="0.198" /><testcase classname="tests.test_ubos_phase4a.TestPublicPayload" name="test_visible_fields_empty_returns_title_only" time="0.202" /><testcase classname="tests.test_ubos_phase4a.TestPublicPayload" name="test_visible_fields_intersection" time="0.206" /><testcase classname="tests.test_ubos_phase4a.TestPublicPayload" name="test_org_only_401_without_auth" time="36.338" /><testcase classname="tests.test_ubos_phase4a.TestPublicPayload" name="test_org_only_200_with_matching_org_auth" time="11.427" /><testcase classname="tests.test_ubos_phase4a.TestPublicPayload" name="test_private_401_without_auth" time="0.204" /><testcase classname="tests.test_ubos_phase4a.TestPublicPayload" name="test_expired_share_410" time="0.227" /><testcase classname="tests.test_ubos_phase4a.TestPublicPayload" name="test_unknown_token_404" time="0.092" /><testcase classname="tests.test_ubos_phase4a.TestQRBarcode" name="test_authed_qr_png" time="0.139" /><testcase classname="tests.test_ubos_phase4a.TestQRBarcode" name="test_authed_barcode_png" time="0.101" /><testcase classname="tests.test_ubos_phase4a.TestQRBarcode" name="test_public_qr_only_for_public_share" time="0.405" /><testcase classname="tests.test_ubos_phase4a.TestQRBarcode" name="test_public_barcode_png" time="0.203" /><testcase classname="tests.test_ubos_phase4a.TestLabels" name="test_presets_endpoint" time="0.098" /><testcase classname="tests.test_ubos_phase4a.TestLabels" name="test_records_labels_pdf" time="0.146" /><testcase classname="tests.test_ubos_phase4a.TestLabels" name="test_records_labels_invalid_preset" time="0.094" /><testcase classname="tests.test_ubos_phase4a.TestLabels" name="test_view_scoped_labels" time="0.115" /><testcase classname="tests.test_ubos_phase4a.TestRateLimit" name="test_public_read_rate_limit" time="6.187" /><testcase classname="tests.test_ubos_phase4a.TestRateLimit" name="test_rate_limit_buckets_per_ip" time="0.192" /><testcase classname="tests.test_ubos_phase4a.TestRelationshipsSummary" name="test_include_relationships_returns_summaries" time="0.196" /></testsuite></testsuites>