<?xml version="1.0" encoding="utf-8"?><testsuites name="pytest tests"><testsuite name="pytest" errors="0" failures="1" skipped="0" tests="41" time="99.230" timestamp="2026-07-05T12:59:17.166944+00:00" hostname="agent-env-ccf867d2-f534-4f8c-9468-885d5a5828bd"><testcase classname="tests.test_ubos_phase3b_patch.TestMimeIconEndpoint" name="test_public_no_auth[pdf]" time="0.119" /><testcase classname="tests.test_ubos_phase3b_patch.TestMimeIconEndpoint" name="test_public_no_auth[doc]" time="0.222" /><testcase classname="tests.test_ubos_phase3b_patch.TestMimeIconEndpoint" name="test_public_no_auth[xls]" time="0.096" /><testcase classname="tests.test_ubos_phase3b_patch.TestMimeIconEndpoint" name="test_public_no_auth[ppt]" time="0.222" /><testcase classname="tests.test_ubos_phase3b_patch.TestMimeIconEndpoint" name="test_public_no_auth[txt]" time="0.089" /><testcase classname="tests.test_ubos_phase3b_patch.TestMimeIconEndpoint" name="test_public_no_auth[video]" time="0.102" /><testcase classname="tests.test_ubos_phase3b_patch.TestThumbEnvelope" name="test_image_thumb_envelope" time="1.147" /><testcase classname="tests.test_ubos_phase3b_patch.TestMimeIconEndpoint" name="test_public_no_auth[audio]" time="0.093" /><testcase classname="tests.test_ubos_phase3b_patch.TestMimeIconEndpoint" name="test_public_no_auth[image]" time="0.133" /><testcase classname="tests.test_ubos_phase3b_patch.TestMimeIconEndpoint" name="test_public_no_auth[generic]" time="0.132" /><testcase classname="tests.test_ubos_phase3b_patch.TestThumbEnvelope" name="test_non_image_thumb_returns_family_icon[f.pdf-application/pdf-pdf]" time="0.279" /><testcase classname="tests.test_ubos_phase3b_patch.TestMimeIconEndpoint" name="test_unknown_family_fallback" time="0.134" /><testcase classname="tests.test_ubos_phase3b_patch.TestThumbEnvelope" name="test_non_image_thumb_returns_family_icon[f.doc-application/msword-doc]" time="0.568" /><testcase classname="tests.test_ubos_phase3b_patch.TestThumbEnvelope" name="test_non_image_thumb_returns_family_icon[f.docx-application/vnd.openxmlformats-officedocument.wordprocessingml.document-doc]" time="0.246" /><testcase classname="tests.test_ubos_phase3b.TestRelationshipInstances" name="test_one_to_many" time="2.075" /><testcase classname="tests.test_ubos_phase3b_patch.TestThumbEnvelope" name="test_non_image_thumb_returns_family_icon[f.xls-application/vnd.ms-excel-xls]" time="0.242" /><testcase classname="tests.test_ubos_phase3b_patch.TestThumbEnvelope" name="test_non_image_thumb_returns_family_icon[f.xlsx-application/vnd.openxmlformats-officedocument.spreadsheetml.sheet-xls]" time="0.238" /><testcase classname="tests.test_ubos_phase3b_patch.TestThumbEnvelope" name="test_non_image_thumb_returns_family_icon[f.ppt-application/vnd.ms-powerpoint-ppt]" time="0.252" /><testcase classname="tests.test_ubos_phase3b_patch.TestThumbEnvelope" name="test_non_image_thumb_returns_family_icon[f.txt-text/plain-txt]" time="0.190" /><testcase classname="tests.test_ubos_phase3b_patch.TestThumbEnvelope" name="test_non_image_thumb_returns_family_icon[f.mp4-video/mp4-video]" time="0.240" /><testcase classname="tests.test_ubos_phase3b_patch.TestThumbEnvelope" name="test_non_image_thumb_returns_family_icon[f.bin-application/octet-stream-generic]" time="0.196" /><testcase classname="tests.test_ubos_phase3b.TestRelationshipInstances" name="test_one_to_one" time="1.415" /><testcase classname="tests.test_ubos_phase3b_patch.TestThumbEnvelope" name="test_thumb_never_returns_raw_svg" time="0.193" /><testcase classname="tests.test_ubos_phase3b.TestMediaCore" name="test_upload_dedup_thumb_serve" time="2.852" /><testcase classname="tests.test_ubos_phase3b.TestRelationshipInstances" name="test_many_to_many" time="2.081" /><testcase classname="tests.test_ubos_phase3b.TestMediaCore" name="test_pdf_thumb_returns_svg_icon" time="0.349" /><testcase classname="tests.test_ubos_phase3b.TestRelationshipInstances" name="test_cascade_delete" time="0.848" /><testcase classname="tests.test_ubos_phase3b.TestMediaCore" name="test_svg_upload_rejected" time="0.104" /><testcase classname="tests.test_ubos_phase3b.TestQuotaAndRBAC" name="test_quota_exceeded_413" time="0.809" /><testcase classname="tests.test_ubos_phase3b.TestRelationshipInstances" name="test_unlink_idempotent" time="0.976" /><testcase classname="tests.test_ubos_phase3b.TestQuotaAndRBAC" name="test_max_upload_size_file_too_large" time="0.956" /><testcase classname="tests.test_ubos_phase3b.TestRelationshipInstances" name="test_rbac_viewer_cannot_link" time="1.457" /><testcase classname="tests.test_ubos_phase3b.TestQuotaAndRBAC" name="test_rbac_viewer_editor_media" time="1.266" /><testcase classname="tests.test_ubos_phase3b.TestStorageQuotaAdmin" name="test_editor_cannot_change_quota" time="0.144" /><testcase classname="tests.test_ubos_phase3b.TestStorageQuotaAdmin" name="test_owner_can_change_quota" time="0.104" /><testcase classname="tests.test_ubos_phase3b.TestImageFileFields" name="test_image_field_lifecycle" time="30.902" /><testcase classname="tests.test_ubos_phase3b.TestMediaDeleteCascade" name="test_delete_attached_conflict_and_cascade" time="42.777"><failure message="AssertionError: quota not refunded: before=127080529, after=127080708&#10;assert 127080708 &lt;= 127080529">backend/tests/test_ubos_phase3b.py:432: in test_delete_attached_conflict_and_cascade
    assert used_after &lt;= used_before, f"quota not refunded: before={used_before}, after={used_after}"
E   AssertionError: quota not refunded: before=127080529, after=127080708
E   assert 127080708 &lt;= 127080529</failure></testcase><testcase classname="tests.test_ubos_phase3b.TestImageFileFields" name="test_image_validation_errors" time="11.615" /><testcase classname="tests.test_ubos_phase3b_patch.TestAuditFilters" name="test_audit_filters_action_target_type_target_id" time="45.321" /><testcase classname="tests.test_ubos_phase3b.TestImageFileFields" name="test_file_field_mime_restriction" time="2.855" /><testcase classname="tests.test_ubos_phase3b_patch.TestFreshOrgQuota" name="test_new_org_has_default_storage_quota" time="0.294" /></testsuite></testsuites>