<?xml version="1.0" encoding="utf-8"?><testsuites name="pytest tests"><testsuite name="pytest" errors="0" failures="1" skipped="0" tests="24" time="4.250" timestamp="2026-07-05T12:58:56.637387+00:00" hostname="agent-env-ccf867d2-f534-4f8c-9468-885d5a5828bd"><testcase classname="tests.test_ubos_phase3b_patch.TestMimeIconEndpoint" name="test_public_no_auth[pdf]" time="0.205" /><testcase classname="tests.test_ubos_phase3b_patch.TestMimeIconEndpoint" name="test_public_no_auth[doc]" time="0.248" /><testcase classname="tests.test_ubos_phase3b_patch.TestMimeIconEndpoint" name="test_public_no_auth[xls]" time="0.324" /><testcase classname="tests.test_ubos_phase3b_patch.TestMimeIconEndpoint" name="test_public_no_auth[ppt]" time="0.090" /><testcase classname="tests.test_ubos_phase3b_patch.TestMimeIconEndpoint" name="test_public_no_auth[txt]" time="0.108" /><testcase classname="tests.test_ubos_phase3b_patch.TestThumbEnvelope" name="test_image_thumb_envelope" time="1.194" /><testcase classname="tests.test_ubos_phase3b_patch.TestMimeIconEndpoint" name="test_public_no_auth[video]" time="0.116" /><testcase classname="tests.test_ubos_phase3b_patch.TestMimeIconEndpoint" name="test_public_no_auth[audio]" time="0.146" /><testcase classname="tests.test_ubos_phase3b_patch.TestThumbEnvelope" name="test_non_image_thumb_returns_family_icon[f.pdf-application/pdf-pdf]" time="0.212" /><testcase classname="tests.test_ubos_phase3b_patch.TestMimeIconEndpoint" name="test_public_no_auth[image]" time="0.090" /><testcase classname="tests.test_ubos_phase3b_patch.TestMimeIconEndpoint" name="test_public_no_auth[generic]" time="0.099" /><testcase classname="tests.test_ubos_phase3b_patch.TestThumbEnvelope" name="test_non_image_thumb_returns_family_icon[f.doc-application/msword-doc]" time="0.194" /><testcase classname="tests.test_ubos_phase3b_patch.TestMimeIconEndpoint" name="test_unknown_family_fallback" time="0.097" /><testcase classname="tests.test_ubos_phase3b_patch.TestThumbEnvelope" name="test_non_image_thumb_returns_family_icon[f.docx-application/vnd.openxmlformats-officedocument.wordprocessingml.document-doc]" time="0.566" /><testcase classname="tests.test_ubos_phase3b_patch.TestThumbEnvelope" name="test_non_image_thumb_returns_family_icon[f.xls-application/vnd.ms-excel-xls]" time="0.189" /><testcase classname="tests.test_ubos_phase3b_patch.TestAuditFilters" name="test_audit_filters_action_target_type_target_id" time="1.897" /><testcase classname="tests.test_ubos_phase3b_patch.TestThumbEnvelope" name="test_non_image_thumb_returns_family_icon[f.xlsx-application/vnd.openxmlformats-officedocument.spreadsheetml.sheet-xls]" time="0.206" /><testcase classname="tests.test_ubos_phase3b_patch.TestThumbEnvelope" name="test_non_image_thumb_returns_family_icon[f.ppt-application/vnd.ms-powerpoint-ppt]" time="0.273" /><testcase classname="tests.test_ubos_phase3b_patch.TestThumbEnvelope" name="test_non_image_thumb_returns_family_icon[f.txt-text/plain-txt]" time="0.193" /><testcase classname="tests.test_ubos_phase3b_patch.TestThumbEnvelope" name="test_non_image_thumb_returns_family_icon[f.mp4-video/mp4-video]" time="0.191" /><testcase classname="tests.test_ubos_phase3b_patch.TestThumbEnvelope" name="test_non_image_thumb_returns_family_icon[f.mp3-audio/mpeg-audio]" time="0.220"><failure message="AssertionError: upload f.mp3 -&gt; 415 {&quot;detail&quot;:{&quot;detail&quot;:&quot;mime type 'audio/mpeg' is not allowed&quot;,&quot;allowed&quot;:[&quot;application/msword&quot;,&quot;application/octet-stream&quot;,&quot;application/pdf&quot;,&quot;application/vnd.ms-excel&quot;,&quot;application/vnd.ms-powerpoint&quot;,&quot;application/vnd.openxmlformats-officedocument.presentationml.presentation&quot;,&quot;application/vnd.openxmlformats-officedocument.spreadsheetml.sheet&quot;,&quot;application/vnd.openxmlformats-officedocument.wordprocessingml.document&quot;,&quot;application/zip&quot;,&quot;image/gif&quot;,&quot;image/jpeg&quot;,&quot;image/png&quot;,&quot;image/webp&quot;,&quot;text/csv&quot;,&quot;text/plain&quot;,&quot;video/mp4&quot;,&quot;video/quicktime&quot;]}}&#10;assert 415 == 201&#10; +  where 415 = &lt;Response [415]&gt;.status_code">backend/tests/test_ubos_phase3b_patch.py:111: in test_non_image_thumb_returns_family_icon
    m = _upload(owner, filename, blob, mime)
        ^^^^^^^^^^^^^^^^^^^^^^^^^^^^^^^^^^^^
backend/tests/test_ubos_phase3b_patch.py:60: in _upload
    assert r.status_code == 201, f"upload {name} -&gt; {r.status_code} {r.text}"
E   AssertionError: upload f.mp3 -&gt; 415 {"detail":{"detail":"mime type 'audio/mpeg' is not allowed","allowed":["application/msword","application/octet-stream","application/pdf","application/vnd.ms-excel","application/vnd.ms-powerpoint","application/vnd.openxmlformats-officedocument.presentationml.presentation","application/vnd.openxmlformats-officedocument.spreadsheetml.sheet","application/vnd.openxmlformats-officedocument.wordprocessingml.document","application/zip","image/gif","image/jpeg","image/png","image/webp","text/csv","text/plain","video/mp4","video/quicktime"]}}
E   assert 415 == 201
E    +  where 415 = &lt;Response [415]&gt;.status_code</failure></testcase><testcase classname="tests.test_ubos_phase3b_patch.TestFreshOrgQuota" name="test_new_org_has_default_storage_quota" time="0.300" /><testcase classname="tests.test_ubos_phase3b_patch.TestThumbEnvelope" name="test_non_image_thumb_returns_family_icon[f.bin-application/octet-stream-generic]" time="0.184" /><testcase classname="tests.test_ubos_phase3b_patch.TestThumbEnvelope" name="test_thumb_never_returns_raw_svg" time="0.239" /></testsuite></testsuites>