<?xml version="1.0" encoding="utf-8"?><testsuites name="pytest tests"><testsuite name="pytest" errors="0" failures="0" skipped="0" tests="28" time="6.426" timestamp="2026-07-06T05:41:46.852530+00:00" hostname="agent-env-ccf867d2-f534-4f8c-9468-885d5a5828bd"><testcase classname="tests.test_ubos_phase6b_security.TestCrossOrgIsolation" name="test_outsider_cannot_list_acme_entity_types" time="0.468" /><testcase classname="tests.test_ubos_phase6b_security.TestCrossOrgIsolation" name="test_outsider_cannot_read_acme_record_by_id" time="0.003" /><testcase classname="tests.test_ubos_phase6b_security.TestCrossOrgIsolation" name="test_outsider_cannot_read_acme_entity_type_by_id" time="0.003" /><testcase classname="tests.test_ubos_phase6b_security.TestCrossOrgIsolation" name="test_outsider_cannot_delete_acme_entity_type" time="0.002" /><testcase classname="tests.test_ubos_phase6b_security.TestCrossOrgIsolation" name="test_outsider_cannot_patch_acme_record" time="0.003" /><testcase classname="tests.test_ubos_phase6b_security.TestCrossOrgIsolation" name="test_x_org_id_spoof_rejected" time="0.002" /><testcase classname="tests.test_ubos_phase6b_security.TestCrossOrgIsolation" name="test_outsider_cannot_list_acme_members" time="0.002" /><testcase classname="tests.test_ubos_phase6b_security.TestPublicShareMasking" name="test_public_share_hides_sensitive_field" time="0.079" /><testcase classname="tests.test_ubos_phase6b_security.TestPublicShareMasking" name="test_password_share_401_before_unlock" time="0.002" /><testcase classname="tests.test_ubos_phase6b_security.TestPublicShareMasking" name="test_password_share_masks_sensitive_after_unlock" time="0.062" /><testcase classname="tests.test_ubos_phase6b_security.TestPublicShareMasking" name="test_wrong_password_401" time="0.058" /><testcase classname="tests.test_ubos_phase6b_security.TestShareVisibility" name="test_revoked_share_returns_410" time="0.012" /><testcase classname="tests.test_ubos_phase6b_security.TestShareVisibility" name="test_private_share_401_no_auth" time="0.010" /><testcase classname="tests.test_ubos_phase6b_security.TestShareVisibility" name="test_org_only_wrong_org_401" time="0.014" /><testcase classname="tests.test_ubos_phase6b_security.TestRateLimiting" name="test_login_bruteforce_lockout" time="0.013" /><testcase classname="tests.test_ubos_phase6b_security.TestRateLimiting" name="test_public_unlock_rate_limit" time="0.237" /><testcase classname="tests.test_ubos_phase6b_security.TestRateLimiting" name="test_public_read_rate_limit" time="2.090" /><testcase classname="tests.test_ubos_phase6b_security.TestDashboardLayout" name="test_default_layout_returned_initially" time="0.006" /><testcase classname="tests.test_ubos_phase6b_security.TestDashboardLayout" name="test_put_persists_and_normalizes" time="0.005" /><testcase classname="tests.test_ubos_phase6b_security.TestDashboardLayout" name="test_put_strips_unknown_widgets" time="0.003" /><testcase classname="tests.test_ubos_phase6b_security.TestDashboardLayout" name="test_reset_returns_default" time="0.003" /><testcase classname="tests.test_ubos_phase6b_security.TestDashboardLayout" name="test_layout_update_audit_emitted" time="1.008" /><testcase classname="tests.test_ubos_phase6b_security.TestDashboardLayout" name="test_layout_reset_audit_emitted" time="1.008" /><testcase classname="tests.test_ubos_phase6b_security.TestDashboardLayout" name="test_viewer_can_access_layout" time="0.229" /><testcase classname="tests.test_ubos_phase6b_security.TestAuditSweep" name="test_prompt_dismissed_audit" time="1.008" /><testcase classname="tests.test_ubos_phase6b_security.TestPerformance" name="test_dashboard_summary_single_shot" time="0.006" /><testcase classname="tests.test_ubos_phase6b_security.TestPerformance" name="test_records_list_reasonable_latency" time="0.003" /><testcase classname="tests.test_ubos_phase6b_security.TestPerformance" name="test_audit_logs_latency" time="0.010" /></testsuite></testsuites>