<?xml version="1.0" encoding="utf-8"?><testsuites name="pytest tests"><testsuite name="pytest" errors="0" failures="1" skipped="0" tests="18" time="4.494" timestamp="2026-07-05T18:32:37.999311+00:00" hostname="agent-env-ccf867d2-f534-4f8c-9468-885d5a5828bd"><testcase classname="tests.test_ubos_phase6a.TestLabelPresetsCRUD" name="test_list_presets_fresh" time="0.506" /><testcase classname="tests.test_ubos_phase6a.TestLabelPresetsCRUD" name="test_create_custom_preset" time="0.103" /><testcase classname="tests.test_ubos_phase6a.TestLabelPresetsCRUD" name="test_list_contains_custom_with_dimensions" time="0.137" /><testcase classname="tests.test_ubos_phase6a.TestLabelPresetsCRUD" name="test_create_duplicate_key" time="0.096" /><testcase classname="tests.test_ubos_phase6a.TestLabelPresetsCRUD" name="test_create_custom_size_missing_dimensions" time="0.098" /><testcase classname="tests.test_ubos_phase6a.TestLabelPresetsCRUD" name="test_viewer_cannot_create" time="0.667" /><testcase classname="tests.test_ubos_phase6a.TestLabelPresetsCRUD" name="test_editor_cannot_create" time="0.436" /><testcase classname="tests.test_ubos_phase6a.TestLabelPresetsCRUD" name="test_patch_preset" time="0.112" /><testcase classname="tests.test_ubos_phase6a.TestLabelPresetsCRUD" name="test_patch_key_ignored" time="0.116" /><testcase classname="tests.test_ubos_phase6a.TestLabelRenderCustom" name="test_render_custom_preset" time="0.367" /><testcase classname="tests.test_ubos_phase6a.TestLabelRenderCustom" name="test_render_builtin_preset" time="0.105" /><testcase classname="tests.test_ubos_phase6a.TestLabelPresetDelete" name="test_delete_custom" time="0.113" /><testcase classname="tests.test_ubos_phase6a.TestOwnerSelfCollab" name="test_owner_cannot_add_self" time="0.333"><failure message="AssertionError: {&quot;detail&quot;:&quot;Not Found&quot;}&#10;assert 404 in (200, 201)&#10; +  where 404 = &lt;Response [404]&gt;.status_code">backend/tests/test_ubos_phase6a.py:235: in test_owner_cannot_add_self
    assert r.status_code in (200, 201), r.text
E   AssertionError: {"detail":"Not Found"}
E   assert 404 in (200, 201)
E    +  where 404 = &lt;Response [404]&gt;.status_code</failure></testcase><testcase classname="tests.test_ubos_phase6a.TestPdfThumb" name="test_pdf_thumb_returns_jpeg" time="0.425" /><testcase classname="tests.test_ubos_phase6a.TestPdfThumb" name="test_corrupt_pdf_falls_back" time="0.338" /><testcase classname="tests.test_ubos_phase6a.TestOpenAPIAndPWA" name="test_openapi_paths" time="0.222" /><testcase classname="tests.test_ubos_phase6a.TestOpenAPIAndPWA" name="test_manifest_present" time="0.097" /><testcase classname="tests.test_ubos_phase6a.TestOpenAPIAndPWA" name="test_sw_present" time="0.101" /></testsuite></testsuites>