<?xml version="1.0" encoding="utf-8"?><testsuites name="pytest tests"><testsuite name="pytest" errors="0" failures="0" skipped="0" tests="15" time="4.292" timestamp="2026-07-10T13:28:52.087544+00:00" hostname="agent-env-ccf867d2-f534-4f8c-9468-885d5a5828bd"><testcase classname="tests.test_ubos_phase8_browse" name="test_browse_top_level_keys" time="0.641" /><testcase classname="tests.test_ubos_phase8_browse" name="test_browse_returns_records_with_expected_shape" time="0.153" /><testcase classname="tests.test_ubos_phase8_browse" name="test_browse_entity_type_filter" time="0.292" /><testcase classname="tests.test_ubos_phase8_browse" name="test_browse_free_text_search" time="0.102" /><testcase classname="tests.test_ubos_phase8_browse" name="test_browse_cursor_pagination" time="0.213" /><testcase classname="tests.test_ubos_phase8_browse" name="test_browse_sort_title_asc" time="0.110" /><testcase classname="tests.test_ubos_phase8_browse" name="test_browse_invalid_sort_fallback" time="0.156" /><testcase classname="tests.test_ubos_phase8_browse" name="test_browse_facets" time="0.113" /><testcase classname="tests.test_ubos_phase8_browse" name="test_browse_field_defs_bundle" time="0.105" /><testcase classname="tests.test_ubos_phase8_browse" name="test_browse_viewer_can_read" time="0.497" /><testcase classname="tests.test_ubos_phase8_browse" name="test_browse_performance" time="0.110" /><testcase classname="tests.test_ubos_phase8_browse" name="test_openapi_includes_browse" time="0.263" /><testcase classname="tests.test_ubos_phase8_browse" name="test_create_list_patch_delete_browse_view" time="0.404" /><testcase classname="tests.test_ubos_phase8_browse" name="test_editor_cannot_create_shared_view" time="0.420" /><testcase classname="tests.test_ubos_phase8_browse" name="test_regression_per_collection_records_endpoint" time="0.251" /></testsuite></testsuites>