<?xml version="1.0" encoding="utf-8"?><testsuites name="pytest tests"><testsuite name="pytest" errors="0" failures="0" skipped="0" tests="20" time="7.394" timestamp="2026-07-05T16:31:55.715761+00:00" hostname="agent-env-ccf867d2-f534-4f8c-9468-885d5a5828bd"><testcase classname="tests.test_ubos_phase5a.TestExport" name="test_csv_export_bom_and_headers" time="0.547" /><testcase classname="tests.test_ubos_phase5a.TestExport" name="test_xlsx_export_readable" time="0.125" /><testcase classname="tests.test_ubos_phase5a.TestExport" name="test_export_filter_q" time="0.098" /><testcase classname="tests.test_ubos_phase5a.TestExport" name="test_export_columns_filter" time="0.103" /><testcase classname="tests.test_ubos_phase5a.TestExport" name="test_bulk_export_preserves_order" time="0.197" /><testcase classname="tests.test_ubos_phase5a.TestExport" name="test_export_writes_audit" time="0.714" /><testcase classname="tests.test_ubos_phase5a.TestImport" name="test_preview_suggested_mapping" time="0.102" /><testcase classname="tests.test_ubos_phase5a.TestImport" name="test_preview_no_extension" time="0.093" /><testcase classname="tests.test_ubos_phase5a.TestImport" name="test_preview_bad_extension" time="0.103" /><testcase classname="tests.test_ubos_phase5a.TestImport" name="test_preview_file_too_large" time="0.675" /><testcase classname="tests.test_ubos_phase5a.TestImport" name="test_plan_error_policy_counts" time="0.197" /><testcase classname="tests.test_ubos_phase5a.TestImport" name="test_execute_and_progress" time="0.543" /><testcase classname="tests.test_ubos_phase5a.TestImport" name="test_cross_org_isolation_progress" time="0.419" /><testcase classname="tests.test_ubos_phase5a.TestPasswordShares" name="test_create_password_share" time="0.255" /><testcase classname="tests.test_ubos_phase5a.TestPasswordShares" name="test_create_password_missing" time="0.096" /><testcase classname="tests.test_ubos_phase5a.TestPasswordShares" name="test_create_password_too_short" time="0.102" /><testcase classname="tests.test_ubos_phase5a.TestPasswordShares" name="test_unlock_flow_and_rotation" time="1.127" /><testcase classname="tests.test_ubos_phase5a.TestPasswordShares" name="test_rate_limit_5_attempts" time="1.063" /><testcase classname="tests.test_ubos_phase5a.TestPasswordShares" name="test_media_requires_unlock" time="0.404" /><testcase classname="tests.test_ubos_phase5a.TestOpenAPI" name="test_openapi_paths_present" time="0.171" /></testsuite></testsuites>