<?xml version="1.0" encoding="utf-8"?><testsuites name="pytest tests"><testsuite name="pytest" errors="0" failures="0" skipped="0" tests="36" time="8.272" timestamp="2026-07-05T17:03:24.398204+00:00" hostname="agent-env-ccf867d2-f534-4f8c-9468-885d5a5828bd"><testcase classname="tests.test_ubos_phase5a.TestImport" name="test_preview_suggested_mapping" time="0.783" /><testcase classname="tests.test_ubos_phase5a.TestImport" name="test_preview_no_extension" time="0.176" /><testcase classname="tests.test_ubos_phase5a_hotfix.TestOrgMemberBypass" name="test_owner_bearer_bypass_get" time="0.995" /><testcase classname="tests.test_ubos_phase5a.TestImport" name="test_preview_bad_extension" time="0.108" /><testcase classname="tests.test_ubos_phase5a.TestImport" name="test_preview_file_too_large" time="0.502" /><testcase classname="tests.test_ubos_phase5a_hotfix.TestOrgMemberBypass" name="test_editor_same_org_bearer_bypass_get" time="0.447" /><testcase classname="tests.test_ubos_phase5a_hotfix.TestOrgMemberBypass" name="test_no_bearer_no_cookie_401" time="0.096" /><testcase classname="tests.test_ubos_phase5a_hotfix.TestOrgMemberBypass" name="test_media_endpoint_bearer_bypass" time="0.201" /><testcase classname="tests.test_ubos_phase5a.TestImport" name="test_plan_error_policy_counts" time="0.248" /><testcase classname="tests.test_ubos_phase5a_hotfix.TestOrgMemberBypass" name="test_qr_endpoint_bearer_bypass" time="0.262" /><testcase classname="tests.test_ubos_phase5a.TestImport" name="test_execute_and_progress" time="0.819" /><testcase classname="tests.test_ubos_phase5a_hotfix.TestOrgMemberBypass" name="test_barcode_endpoint_bearer_bypass" time="0.202" /><testcase classname="tests.test_ubos_phase5a.TestExport" name="test_csv_export_bom_and_headers" time="0.440" /><testcase classname="tests.test_ubos_phase5a.TestExport" name="test_xlsx_export_readable" time="0.161" /><testcase classname="tests.test_ubos_phase5a.TestExport" name="test_export_filter_q" time="0.204" /><testcase classname="tests.test_ubos_phase5a.TestImport" name="test_cross_org_isolation_progress" time="0.480" /><testcase classname="tests.test_ubos_phase5a.TestExport" name="test_export_columns_filter" time="0.133" /><testcase classname="tests.test_ubos_phase5a.TestPasswordShares" name="test_create_password_share" time="0.249" /><testcase classname="tests.test_ubos_phase5a.TestExport" name="test_bulk_export_preserves_order" time="0.228" /><testcase classname="tests.test_ubos_phase5a.TestPasswordShares" name="test_create_password_missing" time="0.097" /><testcase classname="tests.test_ubos_phase5a.TestExport" name="test_export_writes_audit" time="0.766" /><testcase classname="tests.test_ubos_phase5a.TestPasswordShares" name="test_create_password_too_short" time="0.095" /><testcase classname="tests.test_ubos_phase5a.TestPasswordShares" name="test_unlock_flow_and_rotation" time="1.173" /><testcase classname="tests.test_ubos_phase5a_hotfix.TestPlanInBatchUnique" name="test_error_policy_flags_in_batch_duplicate" time="0.208" /><testcase classname="tests.test_ubos_phase5a_hotfix.TestPlanInBatchUnique" name="test_skip_policy_collapses_in_batch_duplicate" time="0.253" /><testcase classname="tests.test_ubos_phase5a_hotfix.TestPlanInBatchUnique" name="test_update_policy_with_sku_match_collapses" time="0.214" /><testcase classname="tests.test_ubos_phase5a.TestPasswordShares" name="test_rate_limit_5_attempts" time="1.101" /><testcase classname="tests.test_ubos_phase5a_hotfix.TestPlanInBatchUnique" name="test_update_policy_with_different_match_by_still_errors" time="0.262" /><testcase classname="tests.test_ubos_phase5a_hotfix.TestExecuteInBatchUnique" name="test_execute_error_policy_writes_only_nondup" time="0.663" /><testcase classname="tests.test_ubos_phase5a_hotfix.TestExecuteInBatchUnique" name="test_execute_skip_policy_one_record_per_sku" time="0.765" /><testcase classname="tests.test_ubos_phase5a.TestPasswordShares" name="test_media_requires_unlock" time="0.349" /><testcase classname="tests.test_ubos_phase5a_hotfix.TestExecuteInBatchUnique" name="test_execute_update_with_sku_match_one_record" time="0.498" /><testcase classname="tests.test_ubos_phase5a_hotfix.TestCrossBatchUnique" name="test_cross_batch_dup_detected" time="1.087" /><testcase classname="tests.test_ubos_phase5a_hotfix.TestFlushDefensiveErrorCount" name="test_flush_increments_errors_on_exception" time="0.000" /><testcase classname="tests.test_ubos_phase5a_hotfix.TestDropdownFriendlyError" name="test_dropdown_unknown_value_returns_friendly_msg" time="0.205" /><testcase classname="tests.test_ubos_phase5a.TestOpenAPI" name="test_openapi_paths_present" time="0.223" /></testsuite></testsuites>