<?xml version="1.0" encoding="utf-8"?><testsuites name="pytest tests"><testsuite name="pytest" errors="0" failures="0" skipped="0" tests="20" time="5.851" timestamp="2026-07-05T17:00:44.588621+00:00" hostname="agent-env-ccf867d2-f534-4f8c-9468-885d5a5828bd"><testcase classname="tests.test_ubos_phase5a.TestExport" name="test_csv_export_bom_and_headers" time="0.602" /><testcase classname="tests.test_ubos_phase5a.TestImport" name="test_preview_suggested_mapping" time="0.688" /><testcase classname="tests.test_ubos_phase5a.TestExport" name="test_xlsx_export_readable" time="0.180" /><testcase classname="tests.test_ubos_phase5a.TestImport" name="test_preview_no_extension" time="0.142" /><testcase classname="tests.test_ubos_phase5a.TestExport" name="test_export_filter_q" time="0.102" /><testcase classname="tests.test_ubos_phase5a.TestImport" name="test_preview_bad_extension" time="0.104" /><testcase classname="tests.test_ubos_phase5a.TestExport" name="test_export_columns_filter" time="0.121" /><testcase classname="tests.test_ubos_phase5a.TestImport" name="test_preview_file_too_large" time="0.687" /><testcase classname="tests.test_ubos_phase5a.TestExport" name="test_bulk_export_preserves_order" time="0.208" /><testcase classname="tests.test_ubos_phase5a.TestExport" name="test_export_writes_audit" time="0.753" /><testcase classname="tests.test_ubos_phase5a.TestImport" name="test_plan_error_policy_counts" time="0.214" /><testcase classname="tests.test_ubos_phase5a.TestImport" name="test_execute_and_progress" time="0.555" /><testcase classname="tests.test_ubos_phase5a.TestPasswordShares" name="test_create_password_share" time="0.301" /><testcase classname="tests.test_ubos_phase5a.TestPasswordShares" name="test_create_password_missing" time="0.100" /><testcase classname="tests.test_ubos_phase5a.TestPasswordShares" name="test_create_password_too_short" time="0.102" /><testcase classname="tests.test_ubos_phase5a.TestPasswordShares" name="test_unlock_flow_and_rotation" time="1.301" /><testcase classname="tests.test_ubos_phase5a.TestImport" name="test_cross_org_isolation_progress" time="0.479" /><testcase classname="tests.test_ubos_phase5a.TestOpenAPI" name="test_openapi_paths_present" time="0.175" /><testcase classname="tests.test_ubos_phase5a.TestPasswordShares" name="test_rate_limit_5_attempts" time="1.137" /><testcase classname="tests.test_ubos_phase5a.TestPasswordShares" name="test_media_requires_unlock" time="0.388" /></testsuite></testsuites>