<?xml version="1.0" encoding="utf-8"?><testsuites name="pytest tests"><testsuite name="pytest" errors="0" failures="0" skipped="0" tests="18" time="24.544" timestamp="2026-07-05T12:36:49.473730+00:00" hostname="agent-env-ccf867d2-f534-4f8c-9468-885d5a5828bd"><testcase classname="tests.test_ubos_phase3b.TestMediaCore" name="test_upload_dedup_thumb_serve" time="2.514" /><testcase classname="tests.test_ubos_phase3b.TestRelationshipInstances" name="test_one_to_many" time="2.570" /><testcase classname="tests.test_ubos_phase3b.TestMediaCore" name="test_pdf_thumb_returns_svg_icon" time="0.198" /><testcase classname="tests.test_ubos_phase3b.TestRelationshipInstances" name="test_one_to_one" time="1.017" /><testcase classname="tests.test_ubos_phase3b.TestMediaCore" name="test_svg_upload_rejected" time="0.099" /><testcase classname="tests.test_ubos_phase3b.TestQuotaAndRBAC" name="test_quota_exceeded_413" time="1.131" /><testcase classname="tests.test_ubos_phase3b.TestRelationshipInstances" name="test_many_to_many" time="0.936" /><testcase classname="tests.test_ubos_phase3b.TestQuotaAndRBAC" name="test_max_upload_size_file_too_large" time="0.896" /><testcase classname="tests.test_ubos_phase3b.TestRelationshipInstances" name="test_cascade_delete" time="1.166" /><testcase classname="tests.test_ubos_phase3b.TestQuotaAndRBAC" name="test_rbac_viewer_editor_media" time="1.129" /><testcase classname="tests.test_ubos_phase3b.TestRelationshipInstances" name="test_unlink_idempotent" time="1.098" /><testcase classname="tests.test_ubos_phase3b.TestImageFileFields" name="test_image_field_lifecycle" time="0.782" /><testcase classname="tests.test_ubos_phase3b.TestImageFileFields" name="test_image_validation_errors" time="0.500" /><testcase classname="tests.test_ubos_phase3b.TestRelationshipInstances" name="test_rbac_viewer_cannot_link" time="0.925" /><testcase classname="tests.test_ubos_phase3b.TestImageFileFields" name="test_file_field_mime_restriction" time="0.399" /><testcase classname="tests.test_ubos_phase3b.TestMediaDeleteCascade" name="test_delete_attached_conflict_and_cascade" time="16.456" /><testcase classname="tests.test_ubos_phase3b.TestStorageQuotaAdmin" name="test_editor_cannot_change_quota" time="0.447" /><testcase classname="tests.test_ubos_phase3b.TestStorageQuotaAdmin" name="test_owner_can_change_quota" time="0.519" /></testsuite></testsuites>