<?xml version="1.0" encoding="utf-8"?><testsuites name="pytest tests"><testsuite name="pytest" errors="0" failures="0" skipped="0" tests="27" time="4.701" timestamp="2026-07-05T17:34:53.647918+00:00" hostname="agent-env-ccf867d2-f534-4f8c-9468-885d5a5828bd"><testcase classname="tests.test_ubos_phase5b.TestInvitations" name="test_create_batch_dev_email" time="0.573" /><testcase classname="tests.test_ubos_phase5b.TestInvitations" name="test_get_public_meta" time="0.318" /><testcase classname="tests.test_ubos_phase5b.TestInvitations" name="test_get_public_unknown_token" time="0.093" /><testcase classname="tests.test_ubos_phase5b.TestCollaborators" name="test_editor_cannot_see_view_before" time="1.309" /><testcase classname="tests.test_ubos_phase5b.TestInvitations" name="test_accept_email_mismatch" time="0.425" /><testcase classname="tests.test_ubos_phase5b.TestCollaborators" name="test_add_collaborator_view_perm" time="0.104" /><testcase classname="tests.test_ubos_phase5b.TestInvitations" name="test_duplicate_pending" time="0.097" /><testcase classname="tests.test_ubos_phase5b.TestCollaborators" name="test_editor_sees_view_after" time="0.104" /><testcase classname="tests.test_ubos_phase5b.TestInvitations" name="test_already_member" time="0.154" /><testcase classname="tests.test_ubos_phase5b.TestCollaborators" name="test_view_collab_cannot_patch" time="0.097" /><testcase classname="tests.test_ubos_phase5b.TestCollaborators" name="test_edit_perm_allows_patch" time="0.204" /><testcase classname="tests.test_ubos_phase5b.TestInvitations" name="test_resend_rotates_token" time="0.441" /><testcase classname="tests.test_ubos_phase5b.TestCollaborators" name="test_list_collaborators_hydrated" time="0.102" /><testcase classname="tests.test_ubos_phase5b.TestCollaborators" name="test_remove_collaborator" time="0.207" /><testcase classname="tests.test_ubos_phase5b.TestInvitations" name="test_revoke_then_accept_410" time="0.568" /><testcase classname="tests.test_ubos_phase5b.TestInvitations" name="test_rbac_editor_cannot_invite" time="0.096" /><testcase classname="tests.test_ubos_phase5b.TestViewShares" name="test_create_public_share" time="0.641" /><testcase classname="tests.test_ubos_phase5b.TestViewShares" name="test_public_view_returns_data" time="0.325" /><testcase classname="tests.test_ubos_phase5b.TestInvitations" name="test_rbac_viewer_cannot_list" time="0.482" /><testcase classname="tests.test_ubos_phase5b.TestViewShares" name="test_public_view_record_endpoint" time="0.100" /><testcase classname="tests.test_ubos_phase5b.TestViewShares" name="test_password_share_gate" time="0.751" /><testcase classname="tests.test_ubos_phase5b.TestInvitations" name="test_batch_multiple_emails_under_limit" time="0.111" /><testcase classname="tests.test_ubos_phase5b.TestNudgesAndAuth" name="test_nudge_no_recent_import" time="0.091" /><testcase classname="tests.test_ubos_phase5b.TestNudgesAndAuth" name="test_dismiss_prompt_hides" time="0.197" /><testcase classname="tests.test_ubos_phase5b.TestNudgesAndAuth" name="test_forgot_password_dev_shape" time="0.113" /><testcase classname="tests.test_ubos_phase5b.TestNudgesAndAuth" name="test_openapi_new_paths" time="0.181" /><testcase classname="tests.test_ubos_phase5b.TestViewShares" name="test_soft_deleted_view_returns_404_view_deleted" time="0.387" /></testsuite></testsuites>