<?xml version="1.0" encoding="utf-8"?><testsuites name="pytest tests"><testsuite name="pytest" errors="0" failures="0" skipped="0" tests="16" time="4.051" timestamp="2026-07-05T14:59:31.310377+00:00" hostname="agent-env-ccf867d2-f534-4f8c-9468-885d5a5828bd"><testcase classname="tests.test_ubos_phase4b.TestSearch" name="test_search_requires_auth" time="0.173" /><testcase classname="tests.test_ubos_phase4b.TestSearch" name="test_search_empty_query" time="0.408" /><testcase classname="tests.test_ubos_phase4b.TestSearch" name="test_search_limit_cap" time="0.093" /><testcase classname="tests.test_ubos_phase4b.TestSearch" name="test_search_shape" time="0.192" /><testcase classname="tests.test_ubos_phase4b.TestSearch" name="test_search_records_only_gets_full_limit" time="0.213" /><testcase classname="tests.test_ubos_phase4b.TestSearch" name="test_search_fanout_all_kinds" time="0.119" /><testcase classname="tests.test_ubos_phase4b.TestSearch" name="test_facets_kinds_only_positive" time="0.101" /><testcase classname="tests.test_ubos_phase4b.TestSearch" name="test_cursor_pagination_no_dupes" time="0.206" /><testcase classname="tests.test_ubos_phase4b.TestSearch" name="test_cross_org_isolation" time="0.537" /><testcase classname="tests.test_ubos_phase4b.TestSearch" name="test_snippet_length" time="0.112" /><testcase classname="tests.test_ubos_phase4b.TestDashboard" name="test_requires_auth" time="0.097" /><testcase classname="tests.test_ubos_phase4b.TestDashboard" name="test_summary_shape" time="0.294" /><testcase classname="tests.test_ubos_phase4b.TestDashboard" name="test_cache_and_refresh" time="0.504" /><testcase classname="tests.test_ubos_phase4b.TestDashboard" name="test_cache_per_user" time="0.308" /><testcase classname="tests.test_ubos_phase4b.TestDashboard" name="test_activity_rbac_editor" time="0.207" /><testcase classname="tests.test_ubos_phase4b.TestDashboard" name="test_viewer_can_read" time="0.422" /></testsuite></testsuites>