<?xml version="1.0" encoding="utf-8"?><testsuites name="pytest tests"><testsuite name="pytest" errors="0" failures="2" skipped="1" tests="16" time="3.878" timestamp="2026-07-05T17:00:07.652222+00:00" hostname="agent-env-ccf867d2-f534-4f8c-9468-885d5a5828bd"><testcase classname="tests.test_ubos_phase5a_hotfix.TestPlanInBatchUnique" name="test_error_policy_flags_in_batch_duplicate" time="0.952" /><testcase classname="tests.test_ubos_phase5a_hotfix.TestOrgMemberBypass" name="test_owner_bearer_bypass_get" time="1.053" /><testcase classname="tests.test_ubos_phase5a_hotfix.TestPlanInBatchUnique" name="test_skip_policy_collapses_in_batch_duplicate" time="0.436" /><testcase classname="tests.test_ubos_phase5a_hotfix.TestOrgMemberBypass" name="test_editor_same_org_bearer_bypass_get" time="0.333"><skipped type="pytest.skip" message="editor is in a different org">/app/backend/tests/test_ubos_phase5a_hotfix.py:331: editor is in a different org</skipped></testcase><testcase classname="tests.test_ubos_phase5a_hotfix.TestOrgMemberBypass" name="test_no_bearer_no_cookie_401" time="0.109" /><testcase classname="tests.test_ubos_phase5a_hotfix.TestPlanInBatchUnique" name="test_update_policy_with_sku_match_collapses" time="0.213" /><testcase classname="tests.test_ubos_phase5a_hotfix.TestOrgMemberBypass" name="test_media_endpoint_bearer_bypass" time="0.217" /><testcase classname="tests.test_ubos_phase5a_hotfix.TestPlanInBatchUnique" name="test_update_policy_with_different_match_by_still_errors" time="0.221" /><testcase classname="tests.test_ubos_phase5a_hotfix.TestOrgMemberBypass" name="test_qr_endpoint_bearer_bypass" time="0.204"><failure message="AssertionError: owner should bypass QR gate. Got 401: {&quot;detail&quot;:{&quot;code&quot;:&quot;password_required&quot;,&quot;detail&quot;:&quot;This share requires a password.&quot;}}&#10;assert 401 == 200&#10; +  where 401 = &lt;Response [401]&gt;.status_code">backend/tests/test_ubos_phase5a_hotfix.py:363: in test_qr_endpoint_bearer_bypass
    assert r_own.status_code == 200, f"owner should bypass QR gate. Got {r_own.status_code}: {r_own.text[:200]}"
E   AssertionError: owner should bypass QR gate. Got 401: {"detail":{"code":"password_required","detail":"This share requires a password."}}
E   assert 401 == 200
E    +  where 401 = &lt;Response [401]&gt;.status_code</failure></testcase><testcase classname="tests.test_ubos_phase5a_hotfix.TestExecuteInBatchUnique" name="test_execute_error_policy_writes_only_nondup" time="0.589" /><testcase classname="tests.test_ubos_phase5a_hotfix.TestOrgMemberBypass" name="test_barcode_endpoint_bearer_bypass" time="0.195"><failure message="AssertionError: owner should bypass barcode gate. Got 401: {&quot;detail&quot;:{&quot;code&quot;:&quot;password_required&quot;,&quot;detail&quot;:&quot;This share requires a password.&quot;}}&#10;assert 401 == 200&#10; +  where 401 = &lt;Response [401]&gt;.status_code">backend/tests/test_ubos_phase5a_hotfix.py:371: in test_barcode_endpoint_bearer_bypass
    assert r_own.status_code == 200, f"owner should bypass barcode gate. Got {r_own.status_code}: {r_own.text[:200]}"
E   AssertionError: owner should bypass barcode gate. Got 401: {"detail":{"code":"password_required","detail":"This share requires a password."}}
E   assert 401 == 200
E    +  where 401 = &lt;Response [401]&gt;.status_code</failure></testcase><testcase classname="tests.test_ubos_phase5a_hotfix.TestCrossBatchUnique" name="test_cross_batch_dup_detected" time="0.877" /><testcase classname="tests.test_ubos_phase5a_hotfix.TestExecuteInBatchUnique" name="test_execute_skip_policy_one_record_per_sku" time="0.561" /><testcase classname="tests.test_ubos_phase5a_hotfix.TestExecuteInBatchUnique" name="test_execute_update_with_sku_match_one_record" time="0.540" /><testcase classname="tests.test_ubos_phase5a_hotfix.TestFlushDefensiveErrorCount" name="test_flush_increments_errors_on_exception" time="0.000" /><testcase classname="tests.test_ubos_phase5a_hotfix.TestDropdownFriendlyError" name="test_dropdown_unknown_value_returns_friendly_msg" time="0.219" /></testsuite></testsuites>