<?xml version="1.0" encoding="utf-8"?><testsuites name="pytest tests"><testsuite name="pytest" errors="0" failures="0" skipped="0" tests="13" time="3.793" timestamp="2026-07-05T08:47:33.730624+00:00" hostname="agent-env-ccf867d2-f534-4f8c-9468-885d5a5828bd"><testcase classname="tests.test_ubos_phase0.TestHealth" name="test_health" time="0.196" /><testcase classname="tests.test_ubos_phase0.TestHealth" name="test_openapi" time="0.051" /><testcase classname="tests.test_ubos_phase0.TestHealth" name="test_no_org_header_defaults" time="0.043" /><testcase classname="tests.test_ubos_phase0.TestEntityTypes" name="test_invalid_key_422" time="0.037" /><testcase classname="tests.test_ubos_phase0.TestEntityTypes" name="test_create_list_duplicate" time="0.284" /><testcase classname="tests.test_ubos_phase0.TestEntityTypes" name="test_patch_and_delete_cascade" time="0.431" /><testcase classname="tests.test_ubos_phase0.TestFields" name="test_create_and_list_ordered" time="0.821" /><testcase classname="tests.test_ubos_phase0.TestRecords" name="test_missing_required" time="0.464" /><testcase classname="tests.test_ubos_phase0.TestRecords" name="test_negative_price" time="0.079" /><testcase classname="tests.test_ubos_phase0.TestRecords" name="test_dropdown_invalid" time="0.084" /><testcase classname="tests.test_ubos_phase0.TestRecords" name="test_create_valid_and_duplicate" time="0.441" /><testcase classname="tests.test_ubos_phase0.TestTenantIsolation" name="test_orgs_isolated" time="0.347" /><testcase classname="tests.test_ubos_phase0.TestSeedDemo" name="test_seed_idempotent_and_counters" time="0.420" /></testsuite></testsuites>