<?xml version="1.0" encoding="utf-8"?><testsuites name="pytest tests"><testsuite name="pytest" errors="0" failures="0" skipped="0" tests="32" time="8.703" timestamp="2026-07-05T09:51:54.555924+00:00" hostname="agent-env-ccf867d2-f534-4f8c-9468-885d5a5828bd"><testcase classname="tests.test_ubos_phase1.TestOrgs" name="test_list_orgs_unauth" time="0.117" /><testcase classname="tests.test_ubos_phase1.TestOrgs" name="test_list_orgs" time="0.569" /><testcase classname="tests.test_ubos_phase1.TestRBAC" name="test_viewer_cannot_create_record" time="0.698" /><testcase classname="tests.test_ubos_phase1.TestOrgs" name="test_create_org_and_switch" time="0.493" /><testcase classname="tests.test_ubos_phase1.TestRBAC" name="test_editor_can_create_record" time="0.606" /><testcase classname="tests.test_ubos_phase1.TestOrgs" name="test_switch_nonmember_403" time="0.042" /><testcase classname="tests.test_ubos_phase1.TestOrgs" name="test_members_list" time="0.083" /><testcase classname="tests.test_ubos_phase1.TestRBAC" name="test_viewer_cannot_read_audit" time="0.045" /><testcase classname="tests.test_ubos_phase1.TestOrgs" name="test_last_owner_demotion_blocked" time="0.346" /><testcase classname="tests.test_ubos_phase1.TestRBAC" name="test_owner_can_read_audit" time="0.312" /><testcase classname="tests.test_ubos_phase1.TestHealthAndBasics" name="test_health" time="0.046" /><testcase classname="tests.test_ubos_phase1.TestLogin" name="test_login_owner" time="0.000" /><testcase classname="tests.test_ubos_phase1.TestLogin" name="test_login_wrong_password_401" time="0.279" /><testcase classname="tests.test_ubos_phase1.TestHealthAndBasics" name="test_openapi" time="0.246" /><testcase classname="tests.test_ubos_phase1.TestLogin" name="test_login_rate_limit_429" time="3.842" /><testcase classname="tests.test_ubos_phase1.TestHealthAndBasics" name="test_google_status_disabled" time="0.258" /><testcase classname="tests.test_ubos_phase1.TestRegister" name="test_register_without_org" time="0.304" /><testcase classname="tests.test_ubos_phase1.TestRegister" name="test_register_duplicate_409" time="0.181" /><testcase classname="tests.test_ubos_phase1.TestMe" name="test_me_ok" time="0.081" /><testcase classname="tests.test_ubos_phase1.TestMe" name="test_me_unauth_401" time="0.181" /><testcase classname="tests.test_ubos_phase1.TestRefreshRotation" name="test_refresh_rotates" time="0.795" /><testcase classname="tests.test_ubos_phase1.TestRefreshRotation" name="test_logout_invalidates_refresh" time="1.012" /><testcase classname="tests.test_ubos_phase1.TestXOrgIdOverride" name="test_valid_override" time="0.184" /><testcase classname="tests.test_ubos_phase1.TestXOrgIdOverride" name="test_random_uuid_override_403" time="0.262" /><testcase classname="tests.test_ubos_phase1.TestTenantIsolation" name="test_isolation" time="1.366" /><testcase classname="tests.test_ubos_phase1.TestPasswordFlows" name="test_forgot_and_reset" time="1.110" /><testcase classname="tests.test_ubos_phase1.TestAuditLogs" name="test_audit_has_actor" time="0.266" /><testcase classname="tests.test_ubos_phase1.TestSeedIdempotent" name="test_seed_demo_idempotent" time="0.363" /><testcase classname="tests.test_ubos_phase1.TestPasswordFlows" name="test_forgot_nonexistent_shape" time="0.042" /><testcase classname="tests.test_ubos_phase1.TestPasswordFlows" name="test_change_password" time="1.336" /><testcase classname="tests.test_ubos_phase1.TestSlugifyRegression" name="test_in_stock_key_via_api" time="0.356" /><testcase classname="tests.test_ubos_phase1.TestPhase0Regression" name="test_entity_types_crud_as_owner" time="0.787" /></testsuite></testsuites>