<?xml version="1.0" encoding="utf-8"?><testsuites name="pytest tests"><testsuite name="pytest" errors="0" failures="0" skipped="0" tests="19" time="4.886" timestamp="2026-07-05T10:32:45.505808+00:00" hostname="agent-env-ccf867d2-f534-4f8c-9468-885d5a5828bd"><testcase classname="tests.test_ubos_phase2.TestTemplates" name="test_list_returns_5_builtins" time="0.478" /><testcase classname="tests.test_ubos_phase2.TestTemplates" name="test_get_catalog_preview_full" time="0.042" /><testcase classname="tests.test_ubos_phase2.TestTemplates" name="test_dry_run_no_writes" time="0.082" /><testcase classname="tests.test_ubos_phase2.TestTemplates" name="test_apply_skip_creates_entities" time="0.053" /><testcase classname="tests.test_ubos_phase2.TestTemplates" name="test_apply_second_time_skip_noop" time="0.085" /><testcase classname="tests.test_ubos_phase2.TestTemplates" name="test_apply_error_conflicts" time="0.041" /><testcase classname="tests.test_ubos_phase2.TestTemplates" name="test_apply_rename_creates_products_2" time="0.140" /><testcase classname="tests.test_ubos_phase2.TestCategoriesTree" name="test_nested_tree_from_catalog" time="0.123" /><testcase classname="tests.test_ubos_phase2.TestCategoriesTree" name="test_flat_returns_sorted" time="0.041" /><testcase classname="tests.test_ubos_phase2.TestCategoryOps" name="test_create_move_rename_delete" time="0.529" /><testcase classname="tests.test_ubos_phase2.TestCategoryOps" name="test_delete_without_cascade_reparents" time="0.206" /><testcase classname="tests.test_ubos_phase2.TestCategoryOps" name="test_depth_cap_10" time="0.699" /><testcase classname="tests.test_ubos_phase2.TestTags" name="test_list_returns_seeded" time="0.040" /><testcase classname="tests.test_ubos_phase2.TestTags" name="test_create_idempotent" time="0.159" /><testcase classname="tests.test_ubos_phase2.TestTags" name="test_editor_can_create_but_not_patch" time="0.384" /><testcase classname="tests.test_ubos_phase2.TestRecordsWithCatsTags" name="test_full_flow" time="0.851" /><testcase classname="tests.test_ubos_phase2.TestRelationships" name="test_crud_and_dup" time="0.363" /><testcase classname="tests.test_ubos_phase2.TestRBAC" name="test_viewer_can_read" time="0.382" /><testcase classname="tests.test_ubos_phase2.TestRBAC" name="test_viewer_blocked_on_manage" time="0.116" /></testsuite></testsuites>