<?xml version="1.0" encoding="utf-8"?><testsuites name="pytest tests"><testsuite name="pytest" errors="0" failures="3" skipped="0" tests="32" time="8.651" timestamp="2026-07-05T09:43:31.683713+00:00" hostname="agent-env-ccf867d2-f534-4f8c-9468-885d5a5828bd"><testcase classname="tests.test_ubos_phase1.TestHealthAndBasics" name="test_health" time="0.165" /><testcase classname="tests.test_ubos_phase1.TestHealthAndBasics" name="test_openapi" time="0.059" /><testcase classname="tests.test_ubos_phase1.TestHealthAndBasics" name="test_google_status_disabled" time="0.041" /><testcase classname="tests.test_ubos_phase1.TestRegister" name="test_register_without_org" time="0.268" /><testcase classname="tests.test_ubos_phase1.TestRegister" name="test_register_duplicate_409" time="0.041" /><testcase classname="tests.test_ubos_phase1.TestLogin" name="test_login_owner" time="0.265" /><testcase classname="tests.test_ubos_phase1.TestLogin" name="test_login_wrong_password_401" time="0.264" /><testcase classname="tests.test_ubos_phase1.TestLogin" name="test_login_rate_limit_429" time="1.924"><failure message="AssertionError: expected 429 in [401, 401, 401, 401, 401, 401]&#10;assert 429 in [401, 401, 401, 401, 401, 401]">E   AssertionError: expected 429 in [401, 401, 401, 401, 401, 401]
    assert 429 in [401, 401, 401, 401, 401, 401]</failure></testcase><testcase classname="tests.test_ubos_phase1.TestMe" name="test_me_ok" time="0.083" /><testcase classname="tests.test_ubos_phase1.TestMe" name="test_me_unauth_401" time="0.040" /><testcase classname="tests.test_ubos_phase1.TestRefreshRotation" name="test_refresh_rotates" time="0.306"><failure message="assert 500 == 200&#10; +  where 500 = &lt;Response [500]&gt;.status_code">E   assert 500 == 200
     +  where 500 = &lt;Response [500]&gt;.status_code</failure></testcase><testcase classname="tests.test_ubos_phase1.TestRefreshRotation" name="test_logout_invalidates_refresh" time="0.349" /><testcase classname="tests.test_ubos_phase1.TestPasswordFlows" name="test_forgot_and_reset" time="0.345"><failure message="assert 500 == 200&#10; +  where 500 = &lt;Response [500]&gt;.status_code">E   assert 500 == 200
     +  where 500 = &lt;Response [500]&gt;.status_code</failure></testcase><testcase classname="tests.test_ubos_phase1.TestPasswordFlows" name="test_forgot_nonexistent_shape" time="0.038" /><testcase classname="tests.test_ubos_phase1.TestPasswordFlows" name="test_change_password" time="1.353" /><testcase classname="tests.test_ubos_phase1.TestRBAC" name="test_viewer_cannot_create_record" time="0.394" /><testcase classname="tests.test_ubos_phase1.TestRBAC" name="test_editor_can_create_record" time="0.386" /><testcase classname="tests.test_ubos_phase1.TestRBAC" name="test_viewer_cannot_read_audit" time="0.044" /><testcase classname="tests.test_ubos_phase1.TestRBAC" name="test_owner_can_read_audit" time="0.045" /><testcase classname="tests.test_ubos_phase1.TestOrgs" name="test_list_orgs_unauth" time="0.079" /><testcase classname="tests.test_ubos_phase1.TestOrgs" name="test_list_orgs" time="0.041" /><testcase classname="tests.test_ubos_phase1.TestOrgs" name="test_create_org_and_switch" time="0.347" /><testcase classname="tests.test_ubos_phase1.TestOrgs" name="test_switch_nonmember_403" time="0.044" /><testcase classname="tests.test_ubos_phase1.TestOrgs" name="test_members_list" time="0.045" /><testcase classname="tests.test_ubos_phase1.TestOrgs" name="test_last_owner_demotion_blocked" time="0.124" /><testcase classname="tests.test_ubos_phase1.TestXOrgIdOverride" name="test_valid_override" time="0.083" /><testcase classname="tests.test_ubos_phase1.TestXOrgIdOverride" name="test_random_uuid_override_403" time="0.081" /><testcase classname="tests.test_ubos_phase1.TestTenantIsolation" name="test_isolation" time="0.787" /><testcase classname="tests.test_ubos_phase1.TestAuditLogs" name="test_audit_has_actor" time="0.049" /><testcase classname="tests.test_ubos_phase1.TestSeedIdempotent" name="test_seed_demo_idempotent" time="0.099" /><testcase classname="tests.test_ubos_phase1.TestSlugifyRegression" name="test_in_stock_key_via_api" time="0.171" /><testcase classname="tests.test_ubos_phase1.TestPhase0Regression" name="test_entity_types_crud_as_owner" time="0.171" /></testsuite></testsuites>